
******************************************************************************
This program contains Ipopt, a library for large-scale nonlinear optimization.
 Ipopt is released as open source code under the Eclipse Public License (EPL).
         For more information visit https://github.com/coin-or/Ipopt
******************************************************************************

-----------------------------------------------------------------------------------
N: 0
STATE: {'Ux': '4.14', 'Uy': '0.02', 'r': '0.01', 'delta': '0.01', 's': '1.20', 'ey': '0.00', 'epsi': '0.00', 't': '0.05'}
ACTION: {'Fx': '5030.57', 'w': '0.11'}
AVERAGE ELAPSED TIME: nan
MEDIAN ELAPSED TIME: nan
Fx_f: 5030.57
Fx_r: 2.73182e-07
Fy_f: 129.909
Fy_r: -670.546
UX ACCELERATION: 2.825, UY ACCELERATION: -0.324
-----------------------------------------------------------------------------------


-----------------------------------------------------------------------------------
N: 0
STATE: {'Ux': '4.28', 'Uy': '0.04', 'r': '0.01', 'delta': '0.01', 's': '1.41', 'ey': '0.00', 'epsi': '0.00', 't': '0.10'}
ACTION: {'Fx': '4952.18', 'w': '0.10'}
AVERAGE ELAPSED TIME: 0.721
MEDIAN ELAPSED TIME: 0.721
Fx_f: 4952.18
Fx_r: 3.67975e-07
Fy_f: 99.7227
Fy_r: -1965.41
UX ACCELERATION: 2.779, UY ACCELERATION: -1.101
-----------------------------------------------------------------------------------


-----------------------------------------------------------------------------------
N: 1
STATE: {'Ux': '4.41', 'Uy': '0.04', 'r': '0.02', 'delta': '0.02', 's': '1.63', 'ey': '0.00', 'epsi': '0.00', 't': '0.15'}
ACTION: {'Fx': '4820.85', 'w': '0.10'}
AVERAGE ELAPSED TIME: 0.395
MEDIAN ELAPSED TIME: 0.395
Fx_f: 4820.85
Fx_r: 6.05741e-07
Fy_f: 169.589
Fy_r: -703.672
UX ACCELERATION: 2.701, UY ACCELERATION: -0.372
-----------------------------------------------------------------------------------


-----------------------------------------------------------------------------------
N: 2
STATE: {'Ux': '4.55', 'Uy': '0.06', 'r': '0.03', 'delta': '0.02', 's': '1.86', 'ey': '0.00', 'epsi': '0.00', 't': '0.20'}
ACTION: {'Fx': '4714.89', 'w': '0.10'}
AVERAGE ELAPSED TIME: 0.283
MEDIAN ELAPSED TIME: 0.070
Fx_f: 4714.89
Fx_r: 9.05109e-07
Fy_f: 208.554
Fy_r: -1813.9
UX ACCELERATION: 2.637, UY ACCELERATION: -1.007
-----------------------------------------------------------------------------------


-----------------------------------------------------------------------------------
N: 3
STATE: {'Ux': '4.67', 'Uy': '0.07', 'r': '0.04', 'delta': '0.03', 's': '2.09', 'ey': '0.01', 'epsi': '0.01', 't': '0.25'}
ACTION: {'Fx': '4603.95', 'w': '0.09'}
AVERAGE ELAPSED TIME: 0.225
MEDIAN ELAPSED TIME: 0.064
Fx_f: 4603.95
Fx_r: 1.37749e-06
Fy_f: 291.896
Fy_r: -661.218
UX ACCELERATION: 2.571, UY ACCELERATION: -0.342
-----------------------------------------------------------------------------------


-----------------------------------------------------------------------------------
N: 4
STATE: {'Ux': '4.80', 'Uy': '0.09', 'r': '0.04', 'delta': '0.03', 's': '2.32', 'ey': '0.01', 'epsi': '0.01', 't': '0.30'}
ACTION: {'Fx': '4491.92', 'w': '0.08'}
AVERAGE ELAPSED TIME: 0.190
MEDIAN ELAPSED TIME: 0.058
Fx_f: 4491.92
Fx_r: 2.10378e-06
Fy_f: 334.201
Fy_r: -1763.55
UX ACCELERATION: 2.504, UY ACCELERATION: -0.974
-----------------------------------------------------------------------------------


-----------------------------------------------------------------------------------
N: 5
STATE: {'Ux': '4.93', 'Uy': '0.09', 'r': '0.06', 'delta': '0.03', 's': '2.57', 'ey': '0.02', 'epsi': '0.01', 't': '0.35'}
ACTION: {'Fx': '4675.82', 'w': '0.07'}
AVERAGE ELAPSED TIME: 0.166
MEDIAN ELAPSED TIME: 0.054
Fx_f: 4675.82
Fx_r: 1.04944e-06
Fy_f: 383.377
Fy_r: -657.293
UX ACCELERATION: 2.611, UY ACCELERATION: -0.357
-----------------------------------------------------------------------------------


-----------------------------------------------------------------------------------
N: 6
STATE: {'Ux': '5.05', 'Uy': '0.11', 'r': '0.06', 'delta': '0.04', 's': '2.82', 'ey': '0.02', 'epsi': '0.02', 't': '0.40'}
ACTION: {'Fx': '4503.88', 'w': '0.07'}
AVERAGE ELAPSED TIME: 0.151
MEDIAN ELAPSED TIME: 0.058
Fx_f: 4503.88
Fx_r: 2.01085e-06
Fy_f: 411.2
Fy_r: -1611.48
UX ACCELERATION: 2.510, UY ACCELERATION: -0.915
-----------------------------------------------------------------------------------


-----------------------------------------------------------------------------------
N: 7
STATE: {'Ux': '5.18', 'Uy': '0.11', 'r': '0.07', 'delta': '0.04', 's': '3.07', 'ey': '0.03', 'epsi': '0.02', 't': '0.45'}
ACTION: {'Fx': '4388.37', 'w': '0.06'}
AVERAGE ELAPSED TIME: 0.139
MEDIAN ELAPSED TIME: 0.055
Fx_f: 4388.37
Fx_r: 3.10995e-06
Fy_f: 475.342
Fy_r: -694.597
UX ACCELERATION: 2.441, UY ACCELERATION: -0.406
-----------------------------------------------------------------------------------


-----------------------------------------------------------------------------------
N: 8
STATE: {'Ux': '5.29', 'Uy': '0.13', 'r': '0.08', 'delta': '0.04', 's': '3.33', 'ey': '0.04', 'epsi': '0.02', 't': '0.50'}
ACTION: {'Fx': '4272.37', 'w': '0.06'}
AVERAGE ELAPSED TIME: 0.129
MEDIAN ELAPSED TIME: 0.053
Fx_f: 4272.37
Fx_r: 4.81543e-06
Fy_f: 498.768
Fy_r: -1396.81
UX ACCELERATION: 2.372, UY ACCELERATION: -0.825
-----------------------------------------------------------------------------------


-----------------------------------------------------------------------------------
N: 9
STATE: {'Ux': '5.41', 'Uy': '0.13', 'r': '0.09', 'delta': '0.04', 's': '3.60', 'ey': '0.06', 'epsi': '0.03', 't': '0.55'}
ACTION: {'Fx': '4154.31', 'w': '0.05'}
AVERAGE ELAPSED TIME: 0.121
MEDIAN ELAPSED TIME: 0.052
Fx_f: 4154.31
Fx_r: 7.50856e-06
Fy_f: 551.314
Fy_r: -777.691
UX ACCELERATION: 2.302, UY ACCELERATION: -0.492
-----------------------------------------------------------------------------------


-----------------------------------------------------------------------------------
N: 10
STATE: {'Ux': '5.52', 'Uy': '0.14', 'r': '0.09', 'delta': '0.05', 's': '3.87', 'ey': '0.07', 'epsi': '0.03', 't': '0.60'}
ACTION: {'Fx': '4033.60', 'w': '0.04'}
AVERAGE ELAPSED TIME: 0.115
MEDIAN ELAPSED TIME: 0.053
Fx_f: 4033.6
Fx_r: 1.18155e-05
Fy_f: 571.586
Fy_r: -1166.21
UX ACCELERATION: 2.230, UY ACCELERATION: -0.738
-----------------------------------------------------------------------------------


-----------------------------------------------------------------------------------
N: 11
STATE: {'Ux': '5.63', 'Uy': '0.15', 'r': '0.10', 'delta': '0.05', 's': '4.15', 'ey': '0.09', 'epsi': '0.04', 't': '0.65'}
ACTION: {'Fx': '3922.55', 'w': '0.04'}
AVERAGE ELAPSED TIME: 0.110
MEDIAN ELAPSED TIME: 0.052
Fx_f: 3922.55
Fx_r: 1.7916e-05
Fy_f: 604.907
Fy_r: -848.171
UX ACCELERATION: 2.165, UY ACCELERATION: -0.583
-----------------------------------------------------------------------------------


-----------------------------------------------------------------------------------
N: 12
STATE: {'Ux': '5.73', 'Uy': '0.16', 'r': '0.10', 'delta': '0.05', 's': '4.44', 'ey': '0.11', 'epsi': '0.05', 't': '0.70'}
ACTION: {'Fx': '3800.16', 'w': '0.03'}
AVERAGE ELAPSED TIME: 0.105
MEDIAN ELAPSED TIME: 0.051
Fx_f: 3800.16
Fx_r: 2.83192e-05
Fy_f: 619.915
Fy_r: -971.71
UX ACCELERATION: 2.093, UY ACCELERATION: -0.683
-----------------------------------------------------------------------------------


-----------------------------------------------------------------------------------
N: 13
STATE: {'Ux': '5.83', 'Uy': '0.16', 'r': '0.11', 'delta': '0.05', 's': '4.72', 'ey': '0.13', 'epsi': '0.05', 't': '0.75'}
ACTION: {'Fx': '3668.78', 'w': '0.03'}
AVERAGE ELAPSED TIME: 0.101
MEDIAN ELAPSED TIME: 0.051
Fx_f: 3668.78
Fx_r: 4.62407e-05
Fy_f: 640.706
Fy_r: -842.777
UX ACCELERATION: 2.016, UY ACCELERATION: -0.638
-----------------------------------------------------------------------------------


-----------------------------------------------------------------------------------
N: 14
STATE: {'Ux': '5.93', 'Uy': '0.17', 'r': '0.11', 'delta': '0.05', 's': '5.02', 'ey': '0.15', 'epsi': '0.06', 't': '0.80'}
ACTION: {'Fx': '3551.19', 'w': '0.02'}
AVERAGE ELAPSED TIME: 0.097
MEDIAN ELAPSED TIME: 0.051
Fx_f: 3551.19
Fx_r: 7.164e-05
Fy_f: 650.969
Fy_r: -836.163
UX ACCELERATION: 1.947, UY ACCELERATION: -0.664
-----------------------------------------------------------------------------------


-----------------------------------------------------------------------------------
N: 15
STATE: {'Ux': '6.03', 'Uy': '0.17', 'r': '0.12', 'delta': '0.05', 's': '5.31', 'ey': '0.18', 'epsi': '0.06', 't': '0.85'}
ACTION: {'Fx': '3659.50', 'w': '0.00'}
AVERAGE ELAPSED TIME: 0.094
MEDIAN ELAPSED TIME: 0.051
Fx_f: 3659.5
Fx_r: 4.78682e-05
Fy_f: 610.763
Fy_r: -785.39
UX ACCELERATION: 2.012, UY ACCELERATION: -0.684
-----------------------------------------------------------------------------------


-----------------------------------------------------------------------------------
N: 16
STATE: {'Ux': '6.13', 'Uy': '0.18', 'r': '0.12', 'delta': '0.05', 's': '5.62', 'ey': '0.21', 'epsi': '0.07', 't': '0.90'}
ACTION: {'Fx': '3533.25', 'w': '-0.00'}
AVERAGE ELAPSED TIME: 0.092
MEDIAN ELAPSED TIME: 0.051
Fx_f: 3533.25
Fx_r: 7.65819e-05
Fy_f: 602.039
Fy_r: -744.307
UX ACCELERATION: 1.939, UY ACCELERATION: -0.693
-----------------------------------------------------------------------------------


-----------------------------------------------------------------------------------
N: 17
STATE: {'Ux': '6.22', 'Uy': '0.18', 'r': '0.12', 'delta': '0.05', 's': '5.93', 'ey': '0.24', 'epsi': '0.08', 't': '0.95'}
ACTION: {'Fx': '3420.60', 'w': '-0.01'}
AVERAGE ELAPSED TIME: 0.089
MEDIAN ELAPSED TIME: 0.051
Fx_f: 3420.6
Fx_r: 0.000116344
Fy_f: 593.757
Fy_r: -703.538
UX ACCELERATION: 1.873, UY ACCELERATION: -0.698
-----------------------------------------------------------------------------------


-----------------------------------------------------------------------------------
N: 18
STATE: {'Ux': '6.31', 'Uy': '0.18', 'r': '0.12', 'delta': '0.05', 's': '6.24', 'ey': '0.27', 'epsi': '0.08', 't': '1.00'}
ACTION: {'Fx': '3318.01', 'w': '-0.01'}
AVERAGE ELAPSED TIME: 0.087
MEDIAN ELAPSED TIME: 0.051
Fx_f: 3318.01
Fx_r: 0.000170111
Fy_f: 577.292
Fy_r: -664.577
UX ACCELERATION: 1.814, UY ACCELERATION: -0.703
-----------------------------------------------------------------------------------


-----------------------------------------------------------------------------------
N: 19
STATE: {'Ux': '6.40', 'Uy': '0.18', 'r': '0.12', 'delta': '0.05', 's': '6.55', 'ey': '0.31', 'epsi': '0.09', 't': '1.05'}
ACTION: {'Fx': '3216.02', 'w': '-0.02'}
AVERAGE ELAPSED TIME: 0.085
MEDIAN ELAPSED TIME: 0.051
Fx_f: 3216.02
Fx_r: 0.000247942
Fy_f: 559.265
Fy_r: -628.286
UX ACCELERATION: 1.754, UY ACCELERATION: -0.706
-----------------------------------------------------------------------------------


-----------------------------------------------------------------------------------
N: 20
STATE: {'Ux': '6.48', 'Uy': '0.18', 'r': '0.12', 'delta': '0.05', 's': '6.87', 'ey': '0.34', 'epsi': '0.10', 't': '1.10'}
ACTION: {'Fx': '3103.44', 'w': '-0.02'}
AVERAGE ELAPSED TIME: 0.083
MEDIAN ELAPSED TIME: 0.050
Fx_f: 3103.44
Fx_r: 0.000375364
Fy_f: 541.393
Fy_r: -594.408
UX ACCELERATION: 1.688, UY ACCELERATION: -0.706
-----------------------------------------------------------------------------------


